<?xml version="1.0" encoding="UTF-8"?>
<!-- Generated by org.testng.reporters.JUnitXMLReporter -->
<testsuite ignored="0" hostname="Nishantsharma" failures="0" tests="1" name="Default test" time="2.864" errors="0" timestamp="20 May 2020 03:50:02 GMT">
  <testcase classname="com.magic.common.TestBase" name="@BeforeClass beforeclass" time="2.704">
    <failure type="org.openqa.selenium.SessionNotCreatedException" message="session not created: This version of ChromeDriver only supports Chrome version 79
Build info: version: &amp;apos;3.12.0&amp;apos;, revision: &amp;apos;7c6e0b3&amp;apos;, time: &amp;apos;2018-05-08T14:04:26.12Z&amp;apos;
System info: host: &amp;apos;NISHANTSHARMA&amp;apos;, ip: &amp;apos;206.19.38.23&amp;apos;, os.name: &amp;apos;Windows 7&amp;apos;, os.arch: &amp;apos;amd64&amp;apos;, os.version: &amp;apos;6.1&amp;apos;, java.version: &amp;apos;10.0.2&amp;apos;
Driver info: driver.version: Driver
remote stacktrace: Backtrace:
	Ordinal0 [0x003AA113+1548563]
	Ordinal0 [0x0032DDA1+1039777]
	Ordinal0 [0x002AE485+517253]
	Ordinal0 [0x0023FD34+64820]
	Ordinal0 [0x0023C61E+50718]
	Ordinal0 [0x0025B797+178071]
	Ordinal0 [0x0025B59D+177565]
	Ordinal0 [0x002595FB+169467]
	Ordinal0 [0x0024160A+71178]
	Ordinal0 [0x00242690+75408]
	Ordinal0 [0x00242629+75305]
	Ordinal0 [0x003471B7+1143223]
	GetHandleVerifier [0x00442B46+507814]
	GetHandleVerifier [0x00442864+507076]
	GetHandleVerifier [0x00449F47+537511]
	GetHandleVerifier [0x00443402+510050]
	Ordinal0 [0x0033F29C+1110684]
	Ordinal0 [0x0034938B+1151883]
	Ordinal0 [0x003494F3+1152243]
	Ordinal0 [0x003483F5+1147893]
	BaseThreadInitThunk [0x769E336A+18]
	RtlInitializeExceptionChain [0x77329902+99]
	RtlInitializeExceptionChain [0x773298D5+54]
">
      <![CDATA[org.openqa.selenium.SessionNotCreatedException: session not created: This version of ChromeDriver only supports Chrome version 79
Build info: version: '3.12.0', revision: '7c6e0b3', time: '2018-05-08T14:04:26.12Z'
System info: host: 'NISHANTSHARMA', ip: '206.19.38.23', os.name: 'Windows 7', os.arch: 'amd64', os.version: '6.1', java.version: '10.0.2'
Driver info: driver.version: Driver
remote stacktrace: Backtrace:
	Ordinal0 [0x003AA113+1548563]
	Ordinal0 [0x0032DDA1+1039777]
	Ordinal0 [0x002AE485+517253]
	Ordinal0 [0x0023FD34+64820]
	Ordinal0 [0x0023C61E+50718]
	Ordinal0 [0x0025B797+178071]
	Ordinal0 [0x0025B59D+177565]
	Ordinal0 [0x002595FB+169467]
	Ordinal0 [0x0024160A+71178]
	Ordinal0 [0x00242690+75408]
	Ordinal0 [0x00242629+75305]
	Ordinal0 [0x003471B7+1143223]
	GetHandleVerifier [0x00442B46+507814]
	GetHandleVerifier [0x00442864+507076]
	GetHandleVerifier [0x00449F47+537511]
	GetHandleVerifier [0x00443402+510050]
	Ordinal0 [0x0033F29C+1110684]
	Ordinal0 [0x0034938B+1151883]
	Ordinal0 [0x003494F3+1152243]
	Ordinal0 [0x003483F5+1147893]
	BaseThreadInitThunk [0x769E336A+18]
	RtlInitializeExceptionChain [0x77329902+99]
	RtlInitializeExceptionChain [0x773298D5+54]

	at java.base/jdk.internal.reflect.NativeConstructorAccessorImpl.newInstance0(Native Method)
	at java.base/jdk.internal.reflect.NativeConstructorAccessorImpl.newInstance(NativeConstructorAccessorImpl.java:62)
	at java.base/jdk.internal.reflect.DelegatingConstructorAccessorImpl.newInstance(DelegatingConstructorAccessorImpl.java:45)
	at java.base/java.lang.reflect.Constructor.newInstance(Constructor.java:488)
	at org.openqa.selenium.remote.W3CHandshakeResponse.lambda$new$0(W3CHandshakeResponse.java:57)
	at org.openqa.selenium.remote.W3CHandshakeResponse.lambda$getResponseFunction$2(W3CHandshakeResponse.java:104)
	at org.openqa.selenium.remote.ProtocolHandshake.lambda$createSession$0(ProtocolHandshake.java:123)
	at java.base/java.util.stream.ReferencePipeline$3$1.accept(ReferencePipeline.java:195)
	at java.base/java.util.Spliterators$ArraySpliterator.tryAdvance(Spliterators.java:958)
	at java.base/java.util.stream.ReferencePipeline.forEachWithCancel(ReferencePipeline.java:127)
	at java.base/java.util.stream.AbstractPipeline.copyIntoWithCancel(AbstractPipeline.java:502)
	at java.base/java.util.stream.AbstractPipeline.copyInto(AbstractPipeline.java:488)
	at java.base/java.util.stream.AbstractPipeline.wrapAndCopyInto(AbstractPipeline.java:474)
	at java.base/java.util.stream.FindOps$FindOp.evaluateSequential(FindOps.java:150)
	at java.base/java.util.stream.AbstractPipeline.evaluate(AbstractPipeline.java:234)
	at java.base/java.util.stream.ReferencePipeline.findFirst(ReferencePipeline.java:543)
	at org.openqa.selenium.remote.ProtocolHandshake.createSession(ProtocolHandshake.java:126)
	at org.openqa.selenium.remote.ProtocolHandshake.createSession(ProtocolHandshake.java:73)
	at org.openqa.selenium.remote.HttpCommandExecutor.execute(HttpCommandExecutor.java:136)
	at org.openqa.selenium.remote.service.DriverCommandExecutor.execute(DriverCommandExecutor.java:83)
	at org.openqa.selenium.remote.RemoteWebDriver.execute(RemoteWebDriver.java:543)
	at org.openqa.selenium.remote.RemoteWebDriver.startSession(RemoteWebDriver.java:207)
	at org.openqa.selenium.remote.RemoteWebDriver.<init>(RemoteWebDriver.java:130)
	at org.openqa.selenium.chrome.ChromeDriver.<init>(ChromeDriver.java:181)
	at org.openqa.selenium.chrome.ChromeDriver.<init>(ChromeDriver.java:168)
	at org.openqa.selenium.chrome.ChromeDriver.<init>(ChromeDriver.java:157)
	at com.magic.utils.Driver.getDriver(Driver.java:34)
	at com.magic.common.TestBase.beforeclass(TestBase.java:78)
	at java.base/jdk.internal.reflect.NativeMethodAccessorImpl.invoke0(Native Method)
	at java.base/jdk.internal.reflect.NativeMethodAccessorImpl.invoke(NativeMethodAccessorImpl.java:62)
	at java.base/jdk.internal.reflect.DelegatingMethodAccessorImpl.invoke(DelegatingMethodAccessorImpl.java:43)
	at java.base/java.lang.reflect.Method.invoke(Method.java:564)
	at org.testng.internal.MethodInvocationHelper.invokeMethod(MethodInvocationHelper.java:108)
	at org.testng.internal.Invoker.invokeConfigurationMethod(Invoker.java:523)
	at org.testng.internal.Invoker.invokeConfigurations(Invoker.java:224)
	at org.testng.internal.Invoker.invokeConfigurations(Invoker.java:146)
	at org.testng.internal.TestMethodWorker.invokeBeforeClassMethods(TestMethodWorker.java:166)
	at org.testng.internal.TestMethodWorker.run(TestMethodWorker.java:105)
	at org.testng.TestRunner.privateRun(TestRunner.java:744)
	at org.testng.TestRunner.run(TestRunner.java:602)
	at org.testng.SuiteRunner.runTest(SuiteRunner.java:380)
	at org.testng.SuiteRunner.runSequentially(SuiteRunner.java:375)
	at org.testng.SuiteRunner.privateRun(SuiteRunner.java:340)
	at org.testng.SuiteRunner.run(SuiteRunner.java:289)
	at org.testng.SuiteRunnerWorker.runSuite(SuiteRunnerWorker.java:52)
	at org.testng.SuiteRunnerWorker.run(SuiteRunnerWorker.java:86)
	at org.testng.TestNG.runSuitesSequentially(TestNG.java:1301)
	at org.testng.TestNG.runSuitesLocally(TestNG.java:1226)
	at org.testng.TestNG.runSuites(TestNG.java:1144)
	at org.testng.TestNG.run(TestNG.java:1115)
	at org.testng.remote.AbstractRemoteTestNG.run(AbstractRemoteTestNG.java:115)
	at org.testng.remote.RemoteTestNG.initAndRun(RemoteTestNG.java:251)
	at org.testng.remote.RemoteTestNG.main(RemoteTestNG.java:77)
]]>
    </failure>
  </testcase> <!-- @BeforeClass beforeclass -->
  <testcase classname="com.magic.common.TestBase" name="@AfterClass afterclass" time="0.0">
    <skipped/>
  </testcase> <!-- @AfterClass afterclass -->
  <testcase classname="com.magic.common.TestBase" name="@AfterTest aftertest" time="0.0">
    <skipped/>
  </testcase> <!-- @AfterTest aftertest -->
  <testcase classname="com.magic.test.NewsMailerTest" name="runtest" time="0.0">
    <skipped/>
  </testcase> <!-- runtest -->
</testsuite> <!-- Default test -->
